This is pdfTeX, Version 3.14159265-2.6-1.40.17 (TeX Live 2016/W32TeX) (preloaded format=pdflatex 2017.2.11)  13 MAR 2017 01:56
entering extended mode
 restricted \write18 enabled.
 %&-line parsing enabled.
**./mythesis.tex
(./mythesis.tex
LaTeX2e <2017/01/01> patch level 1
Babel <3.9r> and hyphenation patterns for 83 language(s) loaded.
(./thesis.cls
Document Class: thesis 2014/03/27

--------------------------------------------------------------
 +---+ Thesis Style (thesis.cls) version 1.13
 +---+ for University of Colorado Ph.D. theses/dissertations.
 * Conforms to the University of Colorado at Boulder Graduate
 * School "SPECIFICATIONS for Preparation of Master's Thesis
 * and Doctoral Dissertations" (rev. March 2014).
--------------------------------------------------------------
 URL: http://www.colorado.edu/oit/software-hardware/tex-latex

(c:/texlive/2016/texmf-dist/tex/latex/base/report.cls
Document Class: report 2014/09/29 v1.4h Standard LaTeX document class
(c:/texlive/2016/texmf-dist/tex/latex/base/size11.clo
File: size11.clo 2014/09/29 v1.4h Standard LaTeX file (size option)
)
\c@part=\count79
\c@chapter=\count80
\c@section=\count81
\c@subsection=\count82
\c@subsubsection=\count83
\c@paragraph=\count84
\c@subparagraph=\count85
\c@figure=\count86
\c@table=\count87
\abovecaptionskip=\skip41
\belowcaptionskip=\skip42
\bibindent=\dimen102
)
(c:/texlive/2016/texmf-dist/tex/latex/tools/indentfirst.sty
Package: indentfirst 1995/11/23 v1.03 Indent first paragraph (DPC)
)
(c:/texlive/2016/texmf-dist/tex/latex/base/ifthen.sty
Package: ifthen 2014/09/29 v1.1c Standard LaTeX ifthen package (DPC)
)
(c:/texlive/2016/texmf-dist/tex/generic/ulem/ulem.sty
\UL@box=\box26
\UL@hyphenbox=\box27
\UL@skip=\skip43
\UL@hook=\toks14
\UL@height=\dimen103
\UL@pe=\count88
\UL@pixel=\dimen104
\ULC@box=\box28
Package: ulem 2012/05/18
\ULdepth=\dimen105
)
\c@th@SecNum=\count89
\c@th@SectionSave=\count90
\th@SubSubSecSpc=\skip44
\c@th@storepage=\count91
)
(c:/texlive/2016/texmf-dist/tex/latex/amsfonts/amssymb.sty
Package: amssymb 2013/01/14 v3.01 AMS font symbols

(c:/texlive/2016/texmf-dist/tex/latex/amsfonts/amsfonts.sty
Package: amsfonts 2013/01/14 v3.01 Basic AMSFonts support
\@emptytoks=\toks15
\symAMSa=\mathgroup4
\symAMSb=\mathgroup5
LaTeX Font Info:    Overwriting math alphabet `\mathfrak' in version `bold'
(Font)                  U/euf/m/n --> U/euf/b/n on input line 106.
))
(c:/texlive/2016/texmf-dist/tex/latex/graphics/graphicx.sty
Package: graphicx 2014/10/28 v1.0g Enhanced LaTeX Graphics (DPC,SPQR)

(c:/texlive/2016/texmf-dist/tex/latex/graphics/keyval.sty
Package: keyval 2014/10/28 v1.15 key=value parser (DPC)
\KV@toks@=\toks16
)
(c:/texlive/2016/texmf-dist/tex/latex/graphics/graphics.sty
Package: graphics 2016/10/09 v1.0u Standard LaTeX Graphics (DPC,SPQR)

(c:/texlive/2016/texmf-dist/tex/latex/graphics/trig.sty
Package: trig 2016/01/03 v1.10 sin cos tan (DPC)
)
(c:/texlive/2016/texmf-dist/tex/latex/graphics-cfg/graphics.cfg
File: graphics.cfg 2016/06/04 v1.11 sample graphics configuration
)
Package graphics Info: Driver file: pdftex.def on input line 99.

(c:/texlive/2016/texmf-dist/tex/latex/graphics-def/pdftex.def
File: pdftex.def 2017/01/12 v0.06k Graphics/color for pdfTeX

(c:/texlive/2016/texmf-dist/tex/generic/oberdiek/infwarerr.sty
Package: infwarerr 2016/05/16 v1.4 Providing info/warning/error messages (HO)
)
(c:/texlive/2016/texmf-dist/tex/generic/oberdiek/ltxcmds.sty
Package: ltxcmds 2016/05/16 v1.23 LaTeX kernel commands for general use (HO)
)
\Gread@gobject=\count92
))
\Gin@req@height=\dimen106
\Gin@req@width=\dimen107
)
(c:/texlive/2016/texmf-dist/tex/latex/hyperref/hyperref.sty
Package: hyperref 2016/06/24 v6.83q Hypertext links for LaTeX

(c:/texlive/2016/texmf-dist/tex/generic/oberdiek/hobsub-hyperref.sty
Package: hobsub-hyperref 2016/05/16 v1.14 Bundle oberdiek, subset hyperref (HO)


(c:/texlive/2016/texmf-dist/tex/generic/oberdiek/hobsub-generic.sty
Package: hobsub-generic 2016/05/16 v1.14 Bundle oberdiek, subset generic (HO)
Package: hobsub 2016/05/16 v1.14 Construct package bundles (HO)
Package hobsub Info: Skipping package `infwarerr' (already loaded).
Package hobsub Info: Skipping package `ltxcmds' (already loaded).
Package: ifluatex 2016/05/16 v1.4 Provides the ifluatex switch (HO)
Package ifluatex Info: LuaTeX not detected.
Package: ifvtex 2016/05/16 v1.6 Detect VTeX and its facilities (HO)
Package ifvtex Info: VTeX not detected.
Package: intcalc 2016/05/16 v1.2 Expandable calculations with integers (HO)
Package: ifpdf 2016/05/14 v3.1 Provides the ifpdf switch
Package: etexcmds 2016/05/16 v1.6 Avoid name clashes with e-TeX commands (HO)
Package etexcmds Info: Could not find \expanded.
(etexcmds)             That can mean that you are not using pdfTeX 1.50 or
(etexcmds)             that some package has redefined \expanded.
(etexcmds)             In the latter case, load this package earlier.
Package: kvsetkeys 2016/05/16 v1.17 Key value parser (HO)
Package: kvdefinekeys 2016/05/16 v1.4 Define keys (HO)
Package: pdftexcmds 2016/05/21 v0.22 Utility functions of pdfTeX for LuaTeX (HO
)
Package pdftexcmds Info: LuaTeX not detected.
Package pdftexcmds Info: \pdf@primitive is available.
Package pdftexcmds Info: \pdf@ifprimitive is available.
Package pdftexcmds Info: \pdfdraftmode found.
Package: pdfescape 2016/05/16 v1.14 Implements pdfTeX's escape features (HO)
Package: bigintcalc 2016/05/16 v1.4 Expandable calculations on big integers (HO
)
Package: bitset 2016/05/16 v1.2 Handle bit-vector datatype (HO)
Package: uniquecounter 2016/05/16 v1.3 Provide unlimited unique counter (HO)
)
Package hobsub Info: Skipping package `hobsub' (already loaded).
Package: letltxmacro 2016/05/16 v1.5 Let assignment for LaTeX macros (HO)
Package: hopatch 2016/05/16 v1.3 Wrapper for package hooks (HO)
Package: xcolor-patch 2016/05/16 xcolor patch
Package: atveryend 2016/05/16 v1.9 Hooks at the very end of document (HO)
Package atveryend Info: \enddocument detected (standard20110627).
Package: atbegshi 2016/06/09 v1.18 At begin shipout hook (HO)
Package: refcount 2016/05/16 v3.5 Data extraction from label references (HO)
Package: hycolor 2016/05/16 v1.8 Color options for hyperref/bookmark (HO)
)
(c:/texlive/2016/texmf-dist/tex/generic/ifxetex/ifxetex.sty
Package: ifxetex 2010/09/12 v0.6 Provides ifxetex conditional
)
(c:/texlive/2016/texmf-dist/tex/latex/oberdiek/auxhook.sty
Package: auxhook 2016/05/16 v1.4 Hooks for auxiliary files (HO)


Package auxhook Warning: Cannot patch \document,
(auxhook)                using \AtBeginDocument instead.

) (c:/texlive/2016/texmf-dist/tex/latex/oberdiek/kvoptions.sty
Package: kvoptions 2016/05/16 v3.12 Key value format for package options (HO)
)
\@linkdim=\dimen108
\Hy@linkcounter=\count93
\Hy@pagecounter=\count94

(c:/texlive/2016/texmf-dist/tex/latex/hyperref/pd1enc.def
File: pd1enc.def 2016/06/24 v6.83q Hyperref: PDFDocEncoding definition (HO)
)
\Hy@SavedSpaceFactor=\count95

(c:/texlive/2016/texmf-dist/tex/latex/latexconfig/hyperref.cfg
File: hyperref.cfg 2002/06/06 v1.2 hyperref configuration of TeXLive
)
Package hyperref Info: Hyper figures OFF on input line 4486.
Package hyperref Info: Link nesting OFF on input line 4491.
Package hyperref Info: Hyper index ON on input line 4494.
Package hyperref Info: Plain pages OFF on input line 4501.
Package hyperref Info: Backreferencing OFF on input line 4506.
Package hyperref Info: Implicit mode ON; LaTeX internals redefined.
Package hyperref Info: Bookmarks ON on input line 4735.
\c@Hy@tempcnt=\count96

(c:/texlive/2016/texmf-dist/tex/latex/url/url.sty
\Urlmuskip=\muskip10
Package: url 2013/09/16  ver 3.4  Verb mode for urls, etc.
)
LaTeX Info: Redefining \url on input line 5088.
\XeTeXLinkMargin=\dimen109
\Fld@menulength=\count97
\Field@Width=\dimen110
\Fld@charsize=\dimen111
Package hyperref Info: Hyper figures OFF on input line 6342.
Package hyperref Info: Link nesting OFF on input line 6347.
Package hyperref Info: Hyper index ON on input line 6350.
Package hyperref Info: backreferencing OFF on input line 6357.
Package hyperref Info: Link coloring OFF on input line 6362.
Package hyperref Info: Link coloring with OCG OFF on input line 6367.
Package hyperref Info: PDF/A mode OFF on input line 6372.
LaTeX Info: Redefining \ref on input line 6412.
LaTeX Info: Redefining \pageref on input line 6416.
\Hy@abspage=\count98
\c@Item=\count99
\c@Hfootnote=\count100
)

Package hyperref Message: Driver (autodetected): hpdftex.

(c:/texlive/2016/texmf-dist/tex/latex/hyperref/hpdftex.def
File: hpdftex.def 2016/06/24 v6.83q Hyperref driver for pdfTeX
\Fld@listcount=\count101
\c@bookmark@seq@number=\count102

(c:/texlive/2016/texmf-dist/tex/latex/oberdiek/rerunfilecheck.sty
Package: rerunfilecheck 2016/05/16 v1.8 Rerun checks for auxiliary files (HO)
Package uniquecounter Info: New unique counter `rerunfilecheck' on input line 2
82.
)
\Hy@SectionHShift=\skip45
)
(c:/texlive/2016/texmf-dist/tex/latex/amsmath/amsmath.sty
Package: amsmath 2016/11/05 v2.16a AMS math features
\@mathmargin=\skip46

For additional information on amsmath, use the `?' option.
(c:/texlive/2016/texmf-dist/tex/latex/amsmath/amstext.sty
Package: amstext 2000/06/29 v2.01 AMS text

(c:/texlive/2016/texmf-dist/tex/latex/amsmath/amsgen.sty
File: amsgen.sty 1999/11/30 v2.0 generic functions
\@emptytoks=\toks17
\ex@=\dimen112
))
(c:/texlive/2016/texmf-dist/tex/latex/amsmath/amsbsy.sty
Package: amsbsy 1999/11/29 v1.2d Bold Symbols
\pmbraise@=\dimen113
)
(c:/texlive/2016/texmf-dist/tex/latex/amsmath/amsopn.sty
Package: amsopn 2016/03/08 v2.02 operator names
)
\inf@bad=\count103
LaTeX Info: Redefining \frac on input line 213.
\uproot@=\count104
\leftroot@=\count105
LaTeX Info: Redefining \overline on input line 375.
\classnum@=\count106
\DOTSCASE@=\count107
LaTeX Info: Redefining \ldots on input line 472.
LaTeX Info: Redefining \dots on input line 475.
LaTeX Info: Redefining \cdots on input line 596.
\Mathstrutbox@=\box29
\strutbox@=\box30
\big@size=\dimen114
LaTeX Font Info:    Redeclaring font encoding OML on input line 712.
LaTeX Font Info:    Redeclaring font encoding OMS on input line 713.
\macc@depth=\count108
\c@MaxMatrixCols=\count109
\dotsspace@=\muskip11
\c@parentequation=\count110
\dspbrk@lvl=\count111
\tag@help=\toks18
\row@=\count112
\column@=\count113
\maxfields@=\count114
\andhelp@=\toks19
\eqnshift@=\dimen115
\alignsep@=\dimen116
\tagshift@=\dimen117
\tagwidth@=\dimen118
\totwidth@=\dimen119
\lineht@=\dimen120
\@envbody=\toks20
\multlinegap=\skip47
\multlinetaggap=\skip48
\mathdisplay@stack=\toks21
LaTeX Info: Redefining \[ on input line 2817.
LaTeX Info: Redefining \] on input line 2818.
)
(c:/texlive/2016/texmf-dist/tex/latex/tools/xspace.sty
Package: xspace 2014/10/28 v1.13 Space after command names (DPC,MH)
) (./macros.tex
\c@th@theorem=\count115
)
(./mythesis.aux

LaTeX Warning: Label `eqn:dndphi' multiply defined.


LaTeX Warning: Label `fig:dc_mom_res' multiply defined.


LaTeX Warning: Label `eqn:general_ep_math' multiply defined.


LaTeX Warning: Label `eqn:res' multiply defined.


LaTeX Warning: Label `fig:fvtx_ew_default' multiply defined.

)
\openout1 = `mythesis.aux'.

LaTeX Font Info:    Checking defaults for OML/cmm/m/it on input line 54.
LaTeX Font Info:    ... okay on input line 54.
LaTeX Font Info:    Checking defaults for T1/cmr/m/n on input line 54.
LaTeX Font Info:    ... okay on input line 54.
LaTeX Font Info:    Checking defaults for OT1/cmr/m/n on input line 54.
LaTeX Font Info:    ... okay on input line 54.
LaTeX Font Info:    Checking defaults for OMS/cmsy/m/n on input line 54.
LaTeX Font Info:    ... okay on input line 54.
LaTeX Font Info:    Checking defaults for OMX/cmex/m/n on input line 54.
LaTeX Font Info:    ... okay on input line 54.
LaTeX Font Info:    Checking defaults for U/cmr/m/n on input line 54.
LaTeX Font Info:    ... okay on input line 54.
LaTeX Font Info:    Checking defaults for PD1/pdf/m/n on input line 54.
LaTeX Font Info:    ... okay on input line 54.
 (c:/texlive/2016/texmf-dist/tex/context/base/mkii/supp-pdf.mkii
[Loading MPS to PDF converter (version 2006.09.02).]
\scratchcounter=\count116
\scratchdimen=\dimen121
\scratchbox=\box31
\nofMPsegments=\count117
\nofMParguments=\count118
\everyMPshowfont=\toks22
\MPscratchCnt=\count119
\MPscratchDim=\dimen122
\MPnumerator=\count120
\makeMPintoPDFobject=\count121
\everyMPtoPDFconversion=\toks23
) (c:/texlive/2016/texmf-dist/tex/latex/oberdiek/epstopdf-base.sty
Package: epstopdf-base 2016/05/15 v2.6 Base part for package epstopdf

(c:/texlive/2016/texmf-dist/tex/latex/oberdiek/grfext.sty
Package: grfext 2016/05/16 v1.2 Manage graphics extensions (HO)
)
Package epstopdf-base Info: Redefining graphics rule for `.eps' on input line 4
38.
Package grfext Info: Graphics extension search list:
(grfext)             [.png,.pdf,.jpg,.mps,.jpeg,.jbig2,.jb2,.PNG,.PDF,.JPG,.JPE
G,.JBIG2,.JB2,.eps]
(grfext)             \AppendGraphicsExtensions on input line 456.

(c:/texlive/2016/texmf-dist/tex/latex/latexconfig/epstopdf-sys.cfg
File: epstopdf-sys.cfg 2010/07/13 v1.3 Configuration of (r)epstopdf for TeX Liv
e
))
\AtBeginShipoutBox=\box32
Package hyperref Info: Link coloring OFF on input line 54.

(c:/texlive/2016/texmf-dist/tex/latex/hyperref/nameref.sty
Package: nameref 2016/05/21 v2.44 Cross-referencing by name of section

(c:/texlive/2016/texmf-dist/tex/generic/oberdiek/gettitlestring.sty
Package: gettitlestring 2016/05/16 v1.5 Cleanup title references (HO)
)
\c@section@level=\count122
)
LaTeX Info: Redefining \ref on input line 54.
LaTeX Info: Redefining \pageref on input line 54.
LaTeX Info: Redefining \nameref on input line 54.

(./mythesis.out) (./mythesis.out)
\@outlinefile=\write3
\openout3 = `mythesis.out'.


Making Title Page
LaTeX Font Info:    Try loading font information for U+msa on input line 54.
(c:/texlive/2016/texmf-dist/tex/latex/amsfonts/umsa.fd
File: umsa.fd 2013/01/14 v3.01 AMS symbols A
)
LaTeX Font Info:    Try loading font information for U+msb on input line 54.

(c:/texlive/2016/texmf-dist/tex/latex/amsfonts/umsb.fd
File: umsb.fd 2013/01/14 v3.01 AMS symbols B
)
Making Approval Page
[1


{c:/texlive/2016/texmf-var/fonts/map/pdftex/updmap/pdftex.map}]
Making Abstract Page
[2

]
Making Dedication Page
[3

]
centered
Making Acknowledgement Page
[4


]
centered
Making ToC Page
[5


]
centered
(./mythesis.toc [6

] [7] [8])
\tf@toc=\write4
\openout4 = `mythesis.toc'.


Making LoT Page
[9]
centered
(./mythesis.lot)
\tf@lot=\write5
\openout5 = `mythesis.lot'.


Making LoF Page
[10

] [11]
centered
(./mythesis.lof [12

] [13]
Missing character: There is no ‚ in font cmr10!
Missing character: There is no Ä in font cmr10!
Missing character: There is no ô in font cmr10!
 [14] [15] [16] [17] [18] [19] [20] [21] [22] [23])
\tf@lof=\write6
\openout6 = `mythesis.lof'.




-------------------Beginning Body----------------------


[24] [25] (./chapter1.tex
 \th@ChapterStyle\th@DoChapCenterChapter \th@ChapterStyle 1.
centered

Overfull \hbox (35.27184pt too wide) in paragraph at lines 9--17
 [] 
 []


LaTeX Warning: `!h' float specifier changed to `!ht'.

<figs/standard_model_chart.png, id=988, 1027.84pt x 770.88pt>
File: figs/standard_model_chart.png Graphic file (type png)

<use figs/standard_model_chart.png>
Package pdftex.def Info: figs/standard_model_chart.png used on input line 23.
(pdftex.def)             Requested size: 305.33788pt x 229.00735pt.
 [1


] [2 <./figs/standard_model_chart.png>]
<figs/coupling_constant.png, id=1002, 315.1775pt x 348.30125pt>
File: figs/coupling_constant.png Graphic file (type png)

<use figs/coupling_constant.png>
Package pdftex.def Info: figs/coupling_constant.png used on input line 45.
(pdftex.def)             Requested size: 211.3883pt x 233.6051pt.
 [3]
<figs/parton_distribution.png, id=1010, 692.5875pt x 663.47874pt>
File: figs/parton_distribution.png Graphic file (type png)

<use figs/parton_distribution.png>
Package pdftex.def Info: figs/parton_distribution.png used on input line 57.
(pdftex.def)             Requested size: 211.3883pt x 202.49739pt.
 [4 <./figs/coupling_constant.png>] [5 <./figs/parton_distribution.png>]
<figs/qcd_phase_diagram.png, id=1027, 301.125pt x 214.8025pt>
File: figs/qcd_phase_diagram.png Graphic file (type png)

<use figs/qcd_phase_diagram.png>
Package pdftex.def Info: figs/qcd_phase_diagram.png used on input line 71.
(pdftex.def)             Requested size: 258.36667pt x 184.32011pt.
 [6]
<figs/lattice_degrees_plot.PNG, id=1039, 527.72156pt x 209.28188pt>
File: figs/lattice_degrees_plot.PNG Graphic file (type png)

<use figs/lattice_degrees_plot.PNG>
Package pdftex.def Info: figs/lattice_degrees_plot.PNG used on input line 81.
(pdftex.def)             Requested size: 258.36667pt x 102.45958pt.

<figs/lattice_degrees_calculation.png, id=1042, 478.78876pt x 469.755pt>
File: figs/lattice_degrees_calculation.png Graphic file (type png)

<use figs/lattice_degrees_calculation.png>
Package pdftex.def Info: figs/lattice_degrees_calculation.png used on input lin
e 90.
(pdftex.def)             Requested size: 258.36667pt x 253.4919pt.
 [7 <./figs/qcd_phase_diagram.png> <./figs/lattice_degrees_plot.PNG>] [8 <./fig
s/lattice_degrees_calculation.png>]
[9] <figs/qgp_evolution_timeline.png, id=1070, 602.25pt x 397.485pt>
File: figs/qgp_evolution_timeline.png Graphic file (type png)

<use figs/qgp_evolution_timeline.png>
Package pdftex.def Info: figs/qgp_evolution_timeline.png used on input line 113
.
(pdftex.def)             Requested size: 366.40831pt x 241.84077pt.
 [10] [11 <./figs/qgp_evolution_timeline.png>] <figs/raa_pi0_aa_cent_periph.png
, id=1083, 331.99031pt x 317.68687pt>
File: figs/raa_pi0_aa_cent_periph.png Graphic file (type png)

<use figs/raa_pi0_aa_cent_periph.png>
Package pdftex.def Info: figs/raa_pi0_aa_cent_periph.png used on input line 141
.
(pdftex.def)             Requested size: 281.85585pt x 269.72485pt.
 [12] [13 <./figs/raa_pi0_aa_cent_periph.png>] <figs/flow_diagram_cartoon.png, 
id=1099, 295.85532pt x 175.40532pt>
File: figs/flow_diagram_cartoon.png Graphic file (type png)

<use figs/flow_diagram_cartoon.png>
Package pdftex.def Info: figs/flow_diagram_cartoon.png used on input line 156.
(pdftex.def)             Requested size: 234.87749pt x 139.25652pt.
 [14

]
<figs/vn_aa_pbpb_hydro.PNG, id=1109, 453.94594pt x 580.41844pt>
File: figs/vn_aa_pbpb_hydro.PNG Graphic file (type png)

<use figs/vn_aa_pbpb_hydro.PNG>
Package pdftex.def Info: figs/vn_aa_pbpb_hydro.PNG used on input line 170.
(pdftex.def)             Requested size: 305.33788pt x 390.4105pt.
) (./chapter2.tex [15 <./figs/flow_diagram_cartoon.png>] [16 <./figs/vn_aa_pbpb
_hydro.PNG>]
 \th@ChapterStyle\th@DoChapCenterChapter \th@ChapterStyle 2.
centered
[17

] <figs/elliptical_flow_cartoon.png, id=1131, 482.80376pt x 173.64874pt>
File: figs/elliptical_flow_cartoon.png Graphic file (type png)

<use figs/elliptical_flow_cartoon.png>
Package pdftex.def Info: figs/elliptical_flow_cartoon.png used on input line 13
.
(pdftex.def)             Requested size: 258.36667pt x 92.92897pt.

<figs/centrality_impact_parameter_diagram.PNG, id=1135, 631.60968pt x 143.78719
pt>
File: figs/centrality_impact_parameter_diagram.PNG Graphic file (type png)
 <use figs/centrality_impact_parameter_diagram.PNG>
Package pdftex.def Info: figs/centrality_impact_parameter_diagram.PNG used on i
nput line 24.
(pdftex.def)             Requested size: 305.33788pt x 69.51071pt.
 [18 <./figs/elliptical_flow_cartoon.png>] [19 <./figs/centrality_impact_parame
ter_diagram.PNG>]
[20]
<figs/pp_correlation_function_min_bias.png, id=1158, 261.97874pt x 224.33812pt>
File: figs/pp_correlation_function_min_bias.png Graphic file (type png)
<use figs/pp_correlation_function_min_bias.png>
Package pdftex.def Info: figs/pp_correlation_function_min_bias.png used on inpu
t line 65.
(pdftex.def)             Requested size: 201.9912pt x 172.97365pt.

<figs/pbpb_correlation_function_010.png, id=1159, 341.02406pt x 225.84375pt>
File: figs/pbpb_correlation_function_010.png Graphic file (type png)

<use figs/pbpb_correlation_function_010.png>
Package pdftex.def Info: figs/pbpb_correlation_function_010.png used on input l
ine 66.
(pdftex.def)             Requested size: 225.48038pt x 149.32611pt.
 [21] [22 <./figs/pp_correlation_function_min_bias.png> <./figs/pbpb_correlatio
n_function_010.png>]
<figs/1d_correlation_function_with_fourier.png, id=1184, 462.72874pt x 429.605p
t>
File: figs/1d_correlation_function_with_fourier.png Graphic file (type png)
 <use figs/1d_correlation_function_with_fourier.png>
Package pdftex.def Info: figs/1d_correlation_function_with_fourier.png used on 
input line 88.
(pdftex.def)             Requested size: 225.48038pt x 209.34145pt.
 [23 <./figs/1d_correlation_function_with_fourier.png>]
<figs/reaction_plane_diagram.PNG, id=1197, 426.09187pt x 292.09125pt>
File: figs/reaction_plane_diagram.PNG Graphic file (type png)

<use figs/reaction_plane_diagram.PNG>
Package pdftex.def Info: figs/reaction_plane_diagram.PNG used on input line 112
.
(pdftex.def)             Requested size: 319.42995pt x 218.98766pt.
Missing character: There is no ‚ in font cmr10!
Missing character: There is no Ä in font cmr10!
Missing character: There is no ô in font cmr10!
Missing character: There is no ‚ in font cmr10!
Missing character: There is no Ä in font cmr10!
Missing character: There is no ô in font cmr10!
 [24] [25 <./figs/reaction_plane_diagram.PNG>] [26]
Missing character: There is no ‚ in font cmr10!
Missing character: There is no Ä in font cmr10!
Missing character: There is no ú in font cmr10!
Missing character: There is no ‚ in font cmr10!
Missing character: There is no Ä in font cmr10!
Missing character: There is no ù in font cmr10!
 [27] [28]
<figs/glauber_auau_example.png, id=1242, 419.31656pt x 201.00093pt>
File: figs/glauber_auau_example.png Graphic file (type png)

<use figs/glauber_auau_example.png>
Package pdftex.def Info: figs/glauber_auau_example.png used on input line 215.
(pdftex.def)             Requested size: 305.33788pt x 146.36447pt.
 [29 <./figs/glauber_auau_example.png>]
<figs/initial_conditions.png, id=1254, 621.82312pt x 734.745pt>
File: figs/initial_conditions.png Graphic file (type png)

<use figs/initial_conditions.png>
Package pdftex.def Info: figs/initial_conditions.png used on input line 244.
(pdftex.def)             Requested size: 211.3883pt x 249.77635pt.


LaTeX Warning: `!h' float specifier changed to `!ht'.

[30] [31 <./figs/initial_conditions.png>]
<figs/he3au_simulation.png, id=1274, 899.36pt x 230.8625pt>
File: figs/he3au_simulation.png Graphic file (type png)

<use figs/he3au_simulation.png>
Package pdftex.def Info: figs/he3au_simulation.png used on input line 269.
(pdftex.def)             Requested size: 324.13208pt x 83.20201pt.


LaTeX Warning: `!h' float specifier changed to `!ht'.

[32] [33 <./figs/he3au_simulation.png>] [34]
<figs/pp_high_multiplicity_ridge.PNG, id=1308, 224.33812pt x 186.6975pt>
File: figs/pp_high_multiplicity_ridge.PNG Graphic file (type png)

<use figs/pp_high_multiplicity_ridge.PNG>
Package pdftex.def Info: figs/pp_high_multiplicity_ridge.PNG used on input line
 294.
(pdftex.def)             Requested size: 220.78542pt x 183.74855pt.
File: figs/pp_correlation_function_min_bias.png Graphic file (type png)

<use figs/pp_correlation_function_min_bias.png>
Package pdftex.def Info: figs/pp_correlation_function_min_bias.png used on inpu
t line 295.
(pdftex.def)             Requested size: 220.78542pt x 189.06917pt.
 [35 <./figs/pp_high_multiplicity_ridge.PNG>]
<figs/pPb_subtraction_correlation.PNG, id=1319, 657.95813pt x 231.11343pt>
File: figs/pPb_subtraction_correlation.PNG Graphic file (type png)

<use figs/pPb_subtraction_correlation.PNG>
Package pdftex.def Info: figs/pPb_subtraction_correlation.PNG used on input lin
e 305.
(pdftex.def)             Requested size: 399.2946pt x 140.25958pt.


Package hyperref Warning: Token not allowed in a PDF string (PDFDocEncoding):
(hyperref)                removing `math shift' on input line 311.


Package hyperref Warning: Token not allowed in a PDF string (PDFDocEncoding):
(hyperref)                removing `subscript' on input line 311.


Package hyperref Warning: Token not allowed in a PDF string (PDFDocEncoding):
(hyperref)                removing `math shift' on input line 311.

[36 <./figs/pPb_subtraction_correlation.PNG>]
<figs/PbPb_v2_mass_ordering.PNG, id=1328, 364.36125pt x 261.22594pt>
File: figs/PbPb_v2_mass_ordering.PNG Graphic file (type png)

<use figs/PbPb_v2_mass_ordering.PNG>
Package pdftex.def Info: figs/PbPb_v2_mass_ordering.PNG used on input line 316.

(pdftex.def)             Requested size: 225.48038pt x 161.65546pt.

<figs/pPb_two_part_v2_mass_ordering.PNG, id=1329, 386.19281pt x 249.93375pt>
File: figs/pPb_two_part_v2_mass_ordering.PNG Graphic file (type png)

<use figs/pPb_two_part_v2_mass_ordering.PNG>
Package pdftex.def Info: figs/pPb_two_part_v2_mass_ordering.PNG used on input l
ine 317.
(pdftex.def)             Requested size: 225.48038pt x 145.92653pt.
 [37 <./figs/PbPb_v2_mass_ordering.PNG> <./figs/pPb_two_part_v2_mass_ordering.P
NG>]
<figs/pp_pPb_PbPb_cumulants.PNG, id=1347, 791.95876pt x 307.1475pt>
File: figs/pp_pPb_PbPb_cumulants.PNG Graphic file (type png)

<use figs/pp_pPb_PbPb_cumulants.PNG>
Package pdftex.def Info: figs/pp_pPb_PbPb_cumulants.PNG used on input line 359.

(pdftex.def)             Requested size: 446.2658pt x 173.07936pt.
 [38] [39 <./figs/pp_pPb_PbPb_cumulants.PNG>] <figs/hedau_v2_v3.PNG, id=1365, 6
42.90187pt x 432.86719pt>
File: figs/hedau_v2_v3.PNG Graphic file (type png)

<use figs/hedau_v2_v3.PNG>
Package pdftex.def Info: figs/hedau_v2_v3.PNG used on input line 384.
(pdftex.def)             Requested size: 352.31624pt x 237.21902pt.


LaTeX Warning: `!h' float specifier changed to `!ht'.

<figs/dhau_mass_ordering_phenix.PNG, id=1370, 692.5875pt x 381.67593pt>
File: figs/dhau_mass_ordering_phenix.PNG Graphic file (type png)

<use figs/dhau_mass_ordering_phenix.PNG>
Package pdftex.def Info: figs/dhau_mass_ordering_phenix.PNG used on input line 
394.
(pdftex.def)             Requested size: 352.31624pt x 194.16293pt.


LaTeX Warning: `!h' float specifier changed to `!ht'.

[40] [41 <./figs/hedau_v2_v3.PNG> <./figs/dhau_mass_ordering_phenix.PNG>])
(./chapter3.tex [42]
 \th@ChapterStyle\th@DoChapCenterChapter \th@ChapterStyle 3.
centered
<figs/rhic-map.png, id=1396, 3010.24625pt x 1978.39125pt>
File: figs/rhic-map.png Graphic file (type png)

<use figs/rhic-map.png>
Package pdftex.def Info: figs/rhic-map.png used on input line 9.
(pdftex.def)             Requested size: 305.33788pt x 200.65817pt.
 [43

] [44 <./figs/rhic-map.png>] [45]
<figs/phenix_schematic.png, id=1421, 472.76625pt x 672.5125pt>
File: figs/phenix_schematic.png Graphic file (type png)

<use figs/phenix_schematic.png>
Package pdftex.def Info: figs/phenix_schematic.png used on input line 47.
(pdftex.def)             Requested size: 258.36667pt x 367.53308pt.
 [46 <./figs/phenix_schematic.png>]
<figs/phenix_coord.png, id=1432, 514.92375pt x 353.32pt>
File: figs/phenix_coord.png Graphic file (type png)

<use figs/phenix_coord.png>
Package pdftex.def Info: figs/phenix_coord.png used on input line 62.
(pdftex.def)             Requested size: 258.36667pt x 177.28494pt.

<figs/magnet_map.png, id=1435, 283.0575pt x 222.8325pt>
File: figs/magnet_map.png Graphic file (type png)

<use figs/magnet_map.png>
Package pdftex.def Info: figs/magnet_map.png used on input line 72.
(pdftex.def)             Requested size: 211.3883pt x 166.41673pt.

<figs/magnetic_field_strength.png, id=1436, 281.55188pt x 198.7425pt>
File: figs/magnetic_field_strength.png Graphic file (type png)

<use figs/magnetic_field_strength.png>
Package pdftex.def Info: figs/magnetic_field_strength.png used on input line 73
.
(pdftex.def)             Requested size: 211.3883pt x 149.21722pt.
 [47 <./figs/phenix_coord.png>]
<figs/bbc_pmt.png, id=1445, 480.79625pt x 361.35pt>
File: figs/bbc_pmt.png Graphic file (type png)
 <use figs/bbc_pmt.png>
Package pdftex.def Info: figs/bbc_pmt.png used on input line 84.
(pdftex.def)             Requested size: 211.3883pt x 158.87318pt.

<figs/bbc_arm.png, id=1446, 482.80376pt x 361.35pt>
File: figs/bbc_arm.png Graphic file (type png)
 <use figs/bbc_arm.png>
Package pdftex.def Info: figs/bbc_arm.png used on input line 85.
(pdftex.def)             Requested size: 211.3883pt x 158.21153pt.

[48 <./figs/magnet_map.png> <./figs/magnetic_field_strength.png>]
<figs/fvtx_cutaway.png, id=1462, 545.03625pt x 323.2075pt>
File: figs/fvtx_cutaway.png Graphic file (type png)

<use figs/fvtx_cutaway.png>
Package pdftex.def Info: figs/fvtx_cutaway.png used on input line 115.
(pdftex.def)             Requested size: 211.3883pt x 125.3501pt.

<figs/fvtx_diagram.png, id=1463, 524.96124pt x 400.49625pt>
File: figs/fvtx_diagram.png Graphic file (type png)

<use figs/fvtx_diagram.png>
Package pdftex.def Info: figs/fvtx_diagram.png used on input line 116.
(pdftex.def)             Requested size: 211.3883pt x 161.27121pt.
 [49 <./figs/bbc_pmt.png> <./figs/bbc_arm.png>]
<figs/dc_diagram.png, id=1472, 470.75874pt x 438.63875pt>
File: figs/dc_diagram.png Graphic file (type png)

<use figs/dc_diagram.png>
Package pdftex.def Info: figs/dc_diagram.png used on input line 131.
(pdftex.def)             Requested size: 211.3883pt x 196.96394pt.

<figs/dc_wire_diagram.png, id=1473, 631.35875pt x 477.785pt>
File: figs/dc_wire_diagram.png Graphic file (type png)

<use figs/dc_wire_diagram.png>
Package pdftex.def Info: figs/dc_wire_diagram.png used on input line 132.
(pdftex.def)             Requested size: 211.3883pt x 159.966pt.
 [50 <./figs/fvtx_cutaway.png> <./figs/fvtx_diagram.png>] [51 <./figs/dc_diagra
m.png> <./figs/dc_wire_diagram.png>]
<figs/e_over_p_rich_discrimination.png, id=1492, 282.30469pt x 302.63063pt>
File: figs/e_over_p_rich_discrimination.png Graphic file (type png)

<use figs/e_over_p_rich_discrimination.png>
Package pdftex.def Info: figs/e_over_p_rich_discrimination.png used on input li
ne 149.
(pdftex.def)             Requested size: 258.36667pt x 276.98743pt.
 [52 <./figs/e_over_p_rich_discrimination.png>] [53] [54]
<figs/granule_diagram.png, id=1511, 589.20125pt x 553.06625pt>
File: figs/granule_diagram.png Graphic file (type png)

<use figs/granule_diagram.png>
Package pdftex.def Info: figs/granule_diagram.png used on input line 191.
(pdftex.def)             Requested size: 258.36667pt x 242.52286pt.
 [55 <./figs/granule_diagram.png>]
<figs/evb_diagram.png, id=1518, 854.19125pt x 314.17375pt>
File: figs/evb_diagram.png Graphic file (type png)

<use figs/evb_diagram.png>
Package pdftex.def Info: figs/evb_diagram.png used on input line 211.
(pdftex.def)             Requested size: 342.91913pt x 126.12268pt.


LaTeX Warning: `!h' float specifier changed to `!ht'.

[56 <./figs/evb_diagram.png>]
<figs/pAu_centrality_trigger.png, id=1525, 597.23125pt x 410.53375pt>
File: figs/pAu_centrality_trigger.png Graphic file (type png)

<use figs/pAu_centrality_trigger.png>
Package pdftex.def Info: figs/pAu_centrality_trigger.png used on input line 247
.
(pdftex.def)             Requested size: 328.4782pt x 225.79425pt.
 [57 <./figs/pAu_centrality_trigger.png>]
<figs/beam_angle.png, id=1532, 1072.005pt x 309.155pt>
File: figs/beam_angle.png Graphic file (type png)

<use figs/beam_angle.png>
Package pdftex.def Info: figs/beam_angle.png used on input line 259.
(pdftex.def)             Requested size: 399.2946pt x 115.14975pt.
 [58 <./figs/beam_angle.png>]
<figs/bbc_z_vertex_dist.png, id=1540, 718.685pt x 286.06876pt>
File: figs/bbc_z_vertex_dist.png Graphic file (type png)

<use figs/bbc_z_vertex_dist.png>
Package pdftex.def Info: figs/bbc_z_vertex_dist.png used on input line 274.
(pdftex.def)             Requested size: 305.33788pt x 121.5405pt.

<figs/glauber_event_display.png, id=1545, 499.8675pt x 464.73625pt>
File: figs/glauber_event_display.png Graphic file (type png)

<use figs/glauber_event_display.png>
Package pdftex.def Info: figs/glauber_event_display.png used on input line 286.

(pdftex.def)             Requested size: 234.87749pt x 218.36932pt.
 [59 <./figs/bbc_z_vertex_dist.png>]
<figs/centrality_determination.png, id=1557, 707.64375pt x 526.96875pt>
File: figs/centrality_determination.png Graphic file (type png)

<use figs/centrality_determination.png>
Package pdftex.def Info: figs/centrality_determination.png used on input line 3
06.
(pdftex.def)             Requested size: 305.33788pt x 227.38014pt.
 [60 <./figs/glauber_event_display.png>]) (./chapter4.tex [61 <./figs/centralit
y_determination.png>]
 \th@ChapterStyle\th@DoChapCenterChapter \th@ChapterStyle 4.
centered
File: figs/phenix_coord.png Graphic file (type png)
<use figs/phenix_coord.png>
Package pdftex.def Info: figs/phenix_coord.png used on input line 10.
(pdftex.def)             Requested size: 258.36667pt x 177.28494pt.


LaTeX Warning: `!h' float specifier changed to `!ht'.

[62

] <figs/dc_mom_res.png, id=1576, 546.04pt x 585.18625pt>
File: figs/dc_mom_res.png Graphic file (type png)

<use figs/dc_mom_res.png>
Package pdftex.def Info: figs/dc_mom_res.png used on input line 35.
(pdftex.def)             Requested size: 211.3883pt x 226.54301pt.


LaTeX Warning: `!h' float specifier changed to `!ht'.

<figs/cnt_pt_dist.png, id=1579, 625.33624pt x 439.6425pt>
File: figs/cnt_pt_dist.png Graphic file (type png)

<use figs/cnt_pt_dist.png>
Package pdftex.def Info: figs/cnt_pt_dist.png used on input line 43.
(pdftex.def)             Requested size: 211.3883pt x 148.61778pt.


LaTeX Warning: `!h' float specifier changed to `!ht'.

<figs/n0_dist.png, id=1580, 624.3325pt x 427.5975pt>
File: figs/n0_dist.png Graphic file (type png)
 <use figs/n0_dist.png>
Package pdftex.def Info: figs/n0_dist.png used on input line 50.
(pdftex.def)             Requested size: 211.3883pt x 144.77443pt.

<figs/zed_dist.png, id=1581, 623.32875pt x 420.57124pt>
File: figs/zed_dist.png Graphic file (type png)

<use figs/zed_dist.png>
Package pdftex.def Info: figs/zed_dist.png used on input line 51.
(pdftex.def)             Requested size: 211.3883pt x 142.62654pt.


LaTeX Warning: `!h' float specifier changed to `!ht'.


LaTeX Warning: `!h' float specifier changed to `!ht'.

[63]

LaTeX Warning: Text page 64 contains only floats.


Overfull \vbox (20.41084pt too high) has occurred while \output is active []


[64 <./figs/dc_mom_res.png> <./figs/cnt_pt_dist.png>]
LaTeX Font Info:    Try loading font information for OMS+cmr on input line 90.

(c:/texlive/2016/texmf-dist/tex/latex/base/omscmr.fd
File: omscmr.fd 2014/09/29 v2.5h Standard LaTeX font definitions
)
LaTeX Font Info:    Font shape `OMS/cmr/m/n' in size <10.95> not available
(Font)              Font shape `OMS/cmsy/m/n' tried instead on input line 90.


LaTeX Warning: `!h' float specifier changed to `!ht'.

[65 <./figs/n0_dist.png> <./figs/zed_dist.png>]
<figs/pc3dphi.png, id=1605, 617.30624pt x 295.1025pt>
File: figs/pc3dphi.png Graphic file (type png)
 <use figs/pc3dphi.png>
Package pdftex.def Info: figs/pc3dphi.png used on input line 125.
(pdftex.def)             Requested size: 277.78523pt x 132.79489pt.

<figs/pc3dz.png, id=1606, 633.36626pt x 287.0725pt>
File: figs/pc3dz.png Graphic file (type png)
 <use figs/pc3dz.png>
Package pdftex.def Info: figs/pc3dz.png used on input line 126.
(pdftex.def)             Requested size: 285.01218pt x 129.18143pt.


LaTeX Warning: `!h' float specifier changed to `!ht'.

[66] <figs/fvtx_clus_xy.png, id=1613, 771.88374pt x 531.9875pt>
File: figs/fvtx_clus_xy.png Graphic file (type png)

<use figs/fvtx_clus_xy.png>
Package pdftex.def Info: figs/fvtx_clus_xy.png used on input line 143.
(pdftex.def)             Requested size: 258.36667pt x 178.06471pt.


LaTeX Warning: `!h' float specifier changed to `!ht'.


LaTeX Warning: Reference `sec:bbc_det_sec' on page 67 undefined on input line 1
50.

<figs/bbc_rings.png, id=1615, 552.0625pt x 527.9725pt>
File: figs/bbc_rings.png Graphic file (type png)

<use figs/bbc_rings.png>
Package pdftex.def Info: figs/bbc_rings.png used on input line 153.
(pdftex.def)             Requested size: 258.36667pt x 247.0998pt.
 [67 <./figs/pc3dphi.png> <./figs/pc3dz.png>]

LaTeX Warning: `!h' float specifier changed to `!ht'.

[68 <./figs/fvtx_clus_xy.png>] [69 <./figs/bbc_rings.png>] [70]
<figs/resolution_intermediate_calc.png, id=1652, 761.84625pt x 365.365pt>
File: figs/resolution_intermediate_calc.png Graphic file (type png)

<use figs/resolution_intermediate_calc.png>
Package pdftex.def Info: figs/resolution_intermediate_calc.png used on input li
ne 222.
(pdftex.def)             Requested size: 352.31624pt x 168.96193pt.
 [71 <./figs/resolution_intermediate_calc.png>]
<figs/flattened_example_fvtx.png, id=1664, 567.11874pt x 444.66125pt>
File: figs/flattened_example_fvtx.png Graphic file (type png)

<use figs/flattened_example_fvtx.png>
Package pdftex.def Info: figs/flattened_example_fvtx.png used on input line 264
.
(pdftex.def)             Requested size: 305.33788pt x 239.41464pt.

<figs/flattened_example_bbc.png, id=1665, 622.325pt x 437.635pt>
File: figs/flattened_example_bbc.png Graphic file (type png)

<use figs/flattened_example_bbc.png>
Package pdftex.def Info: figs/flattened_example_bbc.png used on input line 265.

(pdftex.def)             Requested size: 291.24579pt x 204.81369pt.
 [72]

LaTeX Warning: `!h' float specifier changed to `!ht'.


Package hyperref Warning: Token not allowed in a PDF string (PDFDocEncoding):
(hyperref)                removing `math shift' on input line 279.


Package hyperref Warning: Token not allowed in a PDF string (PDFDocEncoding):
(hyperref)                removing `subscript' on input line 279.


Package hyperref Warning: Token not allowed in a PDF string (PDFDocEncoding):
(hyperref)                removing `math shift' on input line 279.

<figs/fvtxs_default_ew.png, id=1672, 1305.87875pt x 602.25pt>
File: figs/fvtxs_default_ew.png Graphic file (type png)

<use figs/fvtxs_default_ew.png>
Package pdftex.def Info: figs/fvtxs_default_ew.png used on input line 283.
(pdftex.def)             Requested size: 399.2946pt x 184.14085pt.

<figs/bbcs_default_ew.png, id=1673, 1327.96124pt x 608.2725pt>
File: figs/bbcs_default_ew.png Graphic file (type png)

<use figs/bbcs_default_ew.png>
Package pdftex.def Info: figs/bbcs_default_ew.png used on input line 284.
(pdftex.def)             Requested size: 399.2946pt x 182.89154pt.


LaTeX Warning: `!h' float specifier changed to `!ht'.

[73] [74 <./figs/flattened_example_fvtx.png> <./figs/flattened_example_bbc.png>
] [75 <./figs/fvtxs_default_ew.png> <./figs/bbcs_default_ew.png>]
File: figs/beam_angle.png Graphic file (type png)

<use figs/beam_angle.png>
Package pdftex.def Info: figs/beam_angle.png used on input line 300.
(pdftex.def)             Requested size: 352.31624pt x 101.60161pt.
 [76]
<figs/fvtx_vertex_rot_only.png, id=1704, 1333.98375pt x 608.2725pt>
File: figs/fvtx_vertex_rot_only.png Graphic file (type png)

<use figs/fvtx_vertex_rot_only.png>
Package pdftex.def Info: figs/fvtx_vertex_rot_only.png used on input line 312.
(pdftex.def)             Requested size: 399.2946pt x 182.06549pt.

<figs/bbc_vertex_rot_only.png, id=1705, 1326.9575pt x 600.2425pt>
File: figs/bbc_vertex_rot_only.png Graphic file (type png)

<use figs/bbc_vertex_rot_only.png>
Package pdftex.def Info: figs/bbc_vertex_rot_only.png used on input line 313.
(pdftex.def)             Requested size: 399.2946pt x 180.61452pt.
 [77 <./figs/fvtx_vertex_rot_only.png> <./figs/bbc_vertex_rot_only.png>]
<figs/tilt_effect.png, id=1718, 844.15375pt x 348.30125pt>
File: figs/tilt_effect.png Graphic file (type png)

<use figs/tilt_effect.png>
Package pdftex.def Info: figs/tilt_effect.png used on input line 325.
(pdftex.def)             Requested size: 446.2658pt x 184.1364pt.
 [78 <./figs/tilt_effect.png>]
<figs/eta_modification.png, id=1725, 629.35126pt x 439.6425pt>
File: figs/eta_modification.png Graphic file (type png)

<use figs/eta_modification.png>
Package pdftex.def Info: figs/eta_modification.png used on input line 340.
(pdftex.def)             Requested size: 220.78542pt x 154.23271pt.

<figs/analytic_correction.png, id=1726, 628.3475pt x 438.63875pt>
File: figs/analytic_correction.png Graphic file (type png)

<use figs/analytic_correction.png>
Package pdftex.def Info: figs/analytic_correction.png used on input line 341.
(pdftex.def)             Requested size: 220.78542pt x 154.12154pt.
 [79 <./figs/eta_modification.png> <./figs/analytic_correction.png>]
<figs/fvtx_weighting.png, id=1735, 751.80875pt x 756.8275pt>
File: figs/fvtx_weighting.png Graphic file (type png)

<use figs/fvtx_weighting.png>
Package pdftex.def Info: figs/fvtx_weighting.png used on input line 359.
(pdftex.def)             Requested size: 352.31624pt x 354.66963pt.


LaTeX Warning: `!h' float specifier changed to `!ht'.

<figs/comparison_of_weights.png, id=1736, 597.23125pt x 598.235pt>
File: figs/comparison_of_weights.png Graphic file (type png)

<use figs/comparison_of_weights.png>
Package pdftex.def Info: figs/comparison_of_weights.png used on input line 366.

(pdftex.def)             Requested size: 234.87749pt x 235.2733pt.


LaTeX Warning: `!h' float specifier changed to `!ht'.

[80] <figs/pmt_ratio_weight.png, id=1746, 719.68875pt x 692.5875pt>
File: figs/pmt_ratio_weight.png Graphic file (type png)

<use figs/pmt_ratio_weight.png>
Package pdftex.def Info: figs/pmt_ratio_weight.png used on input line 383.
(pdftex.def)             Requested size: 234.87749pt x 226.02882pt.


LaTeX Warning: `!h' float specifier changed to `!ht'.

[81 <./figs/fvtx_weighting.png>] [82 <./figs/comparison_of_weights.png> <./figs
/pmt_ratio_weight.png>]
<figs/pp_pau_bbc_comparison.png, id=1761, 771.88374pt x 374.39874pt>
File: figs/pp_pau_bbc_comparison.png Graphic file (type png)

<use figs/pp_pau_bbc_comparison.png>
Package pdftex.def Info: figs/pp_pau_bbc_comparison.png used on input line 393.

(pdftex.def)             Requested size: 352.31624pt x 170.8887pt.
 [83 <./figs/pp_pau_bbc_comparison.png>]
<figs/fvtx_correction_summary.png, id=1770, 597.23125pt x 590.205pt>
File: figs/fvtx_correction_summary.png Graphic file (type png)

<use figs/fvtx_correction_summary.png>
Package pdftex.def Info: figs/fvtx_correction_summary.png used on input line 40
4.
(pdftex.def)             Requested size: 234.87749pt x 232.11526pt.


LaTeX Warning: `!h' float specifier changed to `!ht'.

<figs/bbc_correction_summary.png, id=1776, 655.44875pt x 630.355pt>
File: figs/bbc_correction_summary.png Graphic file (type png)

<use figs/bbc_correction_summary.png>
Package pdftex.def Info: figs/bbc_correction_summary.png used on input line 414
.
(pdftex.def)             Requested size: 234.87749pt x 225.87921pt.


LaTeX Warning: `!h' float specifier changed to `!ht'.

[84] <figs/fvtx_corrected.png, id=1791, 762.85pt x 305.14pt>
File: figs/fvtx_corrected.png Graphic file (type png)

<use figs/fvtx_corrected.png>
Package pdftex.def Info: figs/fvtx_corrected.png used on input line 424.
(pdftex.def)             Requested size: 352.31624pt x 140.92482pt.

<figs/bbc_pp_correction.png, id=1792, 704.6325pt x 288.07625pt>
File: figs/bbc_pp_correction.png Graphic file (type png)

<use figs/bbc_pp_correction.png>
Package pdftex.def Info: figs/bbc_pp_correction.png used on input line 425.
(pdftex.def)             Requested size: 352.31624pt x 144.03777pt.


LaTeX Warning: `!h' float specifier changed to `!ht'.

[85 <./figs/fvtx_correction_summary.png>] [86 <./figs/bbc_correction_summary.pn
g>]

LaTeX Warning: `!h' float specifier changed to `!ht'.

[87 <./figs/fvtx_corrected.png> <./figs/bbc_pp_correction.png>]
<figs/example_pile_up_event.png, id=1816, 910.40125pt x 304.13625pt>
File: figs/example_pile_up_event.png Graphic file (type png)

<use figs/example_pile_up_event.png>
Package pdftex.def Info: figs/example_pile_up_event.png used on input line 479.

(pdftex.def)             Requested size: 375.80542pt x 125.54591pt.


LaTeX Warning: `!h' float specifier changed to `!ht'.

[88] <figs/jet_corr_example.png, id=1826, 329.23pt x 325.215pt>
File: figs/jet_corr_example.png Graphic file (type png)

<use figs/jet_corr_example.png>
Package pdftex.def Info: figs/jet_corr_example.png used on input line 505.
(pdftex.def)             Requested size: 234.87749pt x 232.01584pt.


LaTeX Warning: `!h' float specifier changed to `!ht'.

[89 <./figs/example_pile_up_event.png>]
<figs/non_flow.pdf, id=1839, 569.12625pt x 450.68375pt>
File: figs/non_flow.pdf Graphic file (type pdf)

<use figs/non_flow.pdf>
Package pdftex.def Info: figs/non_flow.pdf used on input line 525.
(pdftex.def)             Requested size: 281.85585pt x 223.20947pt.


LaTeX Warning: `!h' float specifier changed to `!ht'.

) (./chapter5.tex [90 <./figs/jet_corr_example.png>] [91 <./figs/non_flow.pdf, 
page is rotated 90 degrees>]
 \th@ChapterStyle\th@DoChapCenterChapter \th@ChapterStyle 5.
centered

Package hyperref Warning: Token not allowed in a PDF string (PDFDocEncoding):
(hyperref)                removing `math shift' on input line 3.


Package hyperref Warning: Token not allowed in a PDF string (PDFDocEncoding):
(hyperref)                removing `subscript' on input line 3.


Package hyperref Warning: Token not allowed in a PDF string (PDFDocEncoding):
(hyperref)                removing `math shift' on input line 3.

<figs/pau_points.png, id=1894, 684.5575pt x 667.49374pt>
File: figs/pau_points.png Graphic file (type png)

<use figs/pau_points.png>
Package pdftex.def Info: figs/pau_points.png used on input line 11.
(pdftex.def)             Requested size: 305.33788pt x 297.73146pt.
 [92

]
<figs/figure_w_nonflow_corr.png, id=1900, 497.60907pt x 481.8pt>
File: figs/figure_w_nonflow_corr.png Graphic file (type png)

<use figs/figure_w_nonflow_corr.png>
Package pdftex.def Info: figs/figure_w_nonflow_corr.png used on input line 23.
(pdftex.def)             Requested size: 305.33788pt x 295.63991pt.


Package hyperref Warning: Token not allowed in a PDF string (PDFDocEncoding):
(hyperref)                removing `math shift' on input line 30.


Package hyperref Warning: Token not allowed in a PDF string (PDFDocEncoding):
(hyperref)                removing `\@ifnextchar' on input line 30.


Package hyperref Warning: Token not allowed in a PDF string (PDFDocEncoding):
(hyperref)                removing `subscript' on input line 30.


Package hyperref Warning: Token not allowed in a PDF string (PDFDocEncoding):
(hyperref)                removing `subscript' on input line 30.


Package hyperref Warning: Token not allowed in a PDF string (PDFDocEncoding):
(hyperref)                removing `math shift' on input line 30.

[93 <./figs/pau_points.png>] [94 <./figs/figure_w_nonflow_corr.png>]
Overfull \hbox (7.85019pt too wide) in paragraph at lines 36--50
 [] 
 []

<figs/v2_3_sys_compare_nohydro.png, id=1919, 1035.87pt x 1013.28563pt>
File: figs/v2_3_sys_compare_nohydro.png Graphic file (type png)

<use figs/v2_3_sys_compare_nohydro.png>
Package pdftex.def Info: figs/v2_3_sys_compare_nohydro.png used on input line 6
9.
(pdftex.def)             Requested size: 305.33788pt x 298.68475pt.
 [95]
<figs/three_system_comparison_result.png, id=1930, 479.54156pt x 467.49657pt>
File: figs/three_system_comparison_result.png Graphic file (type png)

<use figs/three_system_comparison_result.png>
Package pdftex.def Info: figs/three_system_comparison_result.png used on input 
line 89.
(pdftex.def)             Requested size: 305.33788pt x 297.67023pt.
 [96 <./figs/v2_3_sys_compare_nohydro.png>] [97 <./figs/three_system_comparison
_result.png>]
<figs/initial_condition_comparison.png, id=1949, 639.38875pt x 462.72874pt>
File: figs/initial_condition_comparison.png Graphic file (type png)

<use figs/initial_condition_comparison.png>
Package pdftex.def Info: figs/initial_condition_comparison.png used on input li
ne 123.
(pdftex.def)             Requested size: 352.31624pt x 254.97466pt.
 [98]
<figs/v2_e2_ampt.png, id=1961, 673.51625pt x 463.7325pt>
File: figs/v2_e2_ampt.png Graphic file (type png)

<use figs/v2_e2_ampt.png>
Package pdftex.def Info: figs/v2_e2_ampt.png used on input line 133.
(pdftex.def)             Requested size: 281.85585pt x 194.0658pt.
 [99 <./figs/initial_condition_comparison.png>]
<figs/v2_divided_epsilon_all_sys.PNG, id=1972, 360.59718pt x 344.78813pt>
File: figs/v2_divided_epsilon_all_sys.PNG Graphic file (type png)

<use figs/v2_divided_epsilon_all_sys.PNG>
Package pdftex.def Info: figs/v2_divided_epsilon_all_sys.PNG used on input line
 148.
(pdftex.def)             Requested size: 305.33788pt x 291.95068pt.
 [100 <./figs/v2_e2_ampt.png>]
[101 <./figs/v2_divided_epsilon_all_sys.PNG>]
<figs/theoretical_epsilon_values.png, id=1990, 356.0803pt x 217.5628pt>
File: figs/theoretical_epsilon_values.png Graphic file (type png)

<use figs/theoretical_epsilon_values.png>
Package pdftex.def Info: figs/theoretical_epsilon_values.png used on input line
 158.
(pdftex.def)             Requested size: 281.85585pt x 172.21797pt.
 [102 <./figs/theoretical_epsilon_values.png>]
<figs/indepth_theory_comparison.png, id=2009, 1755.55875pt x 704.6325pt>
File: figs/indepth_theory_comparison.png Graphic file (type png)

<use figs/indepth_theory_comparison.png>
Package pdftex.def Info: figs/indepth_theory_comparison.png used on input line 
178.
(pdftex.def)             Requested size: 469.75499pt x 188.54378pt.
) (./chapter6.tex [103] [104 <./figs/indepth_theory_comparison.png>]
 \th@ChapterStyle\th@DoChapCenterChapter \th@ChapterStyle 6.
centered
<figs/three_system_comparison_result.pdf, id=2023, 569.12625pt x 549.05125pt>
File: figs/three_system_comparison_result.pdf Graphic file (type pdf)

<use figs/three_system_comparison_result.pdf>
Package pdftex.def Info: figs/three_system_comparison_result.pdf used on input 
line 12.
(pdftex.def)             Requested size: 234.87749pt x 226.59534pt.
 [105

]
<figs/size_of_medium_calculation.png, id=2033, 241.65282pt x 234.8775pt>
File: figs/size_of_medium_calculation.png Graphic file (type png)

<use figs/size_of_medium_calculation.png>
Package pdftex.def Info: figs/size_of_medium_calculation.png used on input line
 25.
(pdftex.def)             Requested size: 234.87749pt x 228.30038pt.
 [106 <./figs/three_system_comparison_result.pdf, page is rotated 90 degrees>]
<figs/dau_bescan_theory.png, id=2085, 395.22656pt x 367.3725pt>
File: figs/dau_bescan_theory.png Graphic file (type png)

<use figs/dau_bescan_theory.png>
Package pdftex.def Info: figs/dau_bescan_theory.png used on input line 35.
(pdftex.def)             Requested size: 352.31624pt x 327.48741pt.
) (./mythesis.bbl [107 <./figs/size_of_medium_calculation.png>] [108 <./figs/da
u_bescan_theory.png>]
centered
Missing character: There is no ‚ in font cmr10!
Missing character: There is no Ä in font cmr10!
Missing character: There is no ì in font cmr10!
Missing character: There is no ‚ in font cmr10!
Missing character: There is no Ä in font cmr10!
Missing character: There is no ì in font cmr10!
Missing character: There is no ‚ in font cmr10!
Missing character: There is no Ä in font cmr10!
Missing character: There is no ì in font cmr10!
[109

]
Missing character: There is no ‚ in font cmr10!
Missing character: There is no Ä in font cmr10!
Missing character: There is no ì in font cmr10!

Underfull \hbox (badness 10000) in paragraph at lines 100--105
[]\OT1/cmr/m/n/10.95 Rajeev S. Bhalerao.  Rel-a-tivis-tic heavy-ion col-li-sion
s.  In
 []


Overfull \hbox (132.161pt too wide) in paragraph at lines 100--105
|   []\OT1/cmr/m/n/10.95 ,
 []

[110] [111]
Overfull \hbox (20.49297pt too wide) in paragraph at lines 298--302
[]\OT1/cmr/m/n/10.95 Eric Michael Richard-son.  |   [].
 []

Missing character: There is no √ in font cmr10!
Missing character: There is no ∂ in font cmr10!
Missing character: There is no ‚ in font cmr10!
Missing character: There is no Ä in font cmr10!
Missing character: There is no ì in font cmr10!
Missing character: There is no √ in font cmr10!
Missing character: There is no ∂ in font cmr10!
Missing character: There is no √ in font cmr10!
Missing character: There is no ∂ in font cmr10!
)
Package atveryend Info: Empty hook `BeforeClearDocument' on input line 91.
 [112] [113]
Package atveryend Info: Empty hook `AfterLastShipout' on input line 91.
 (./mythesis.aux)
Package atveryend Info: Executing hook `AtVeryEndDocument' on input line 91.
Package atveryend Info: Executing hook `AtEndAfterFileList' on input line 91.
Package rerunfilecheck Info: File `mythesis.out' has not changed.
(rerunfilecheck)             Checksum: D2C3D96A347A018A5D588AF27C8E0566;5498.


LaTeX Warning: There were undefined references.


LaTeX Warning: There were multiply-defined labels.

Package atveryend Info: Empty hook `AtVeryVeryEnd' on input line 91.
 ) 
Here is how much of TeX's memory you used:
 7598 strings out of 493013
 114976 string characters out of 6136993
 269695 words of memory out of 5000000
 10511 multiletter control sequences out of 15000+600000
 16883 words of font info for 63 fonts, out of 8000000 for 9000
 1141 hyphenation exceptions out of 8191
 29i,12n,42p,2027b,533s stack positions out of 5000i,500n,10000p,200000b,80000s
<c:/texlive/2016/texmf-dist/fonts/type1/public/amsfonts/cm/cmbx10.pfb><c:/tex
live/2016/texmf-dist/fonts/type1/public/amsfonts/cm/cmbx12.pfb><c:/texlive/2016
/texmf-dist/fonts/type1/public/amsfonts/cm/cmcsc10.pfb><c:/texlive/2016/texmf-d
ist/fonts/type1/public/amsfonts/cm/cmex10.pfb><c:/texlive/2016/texmf-dist/fonts
/type1/public/amsfonts/cm/cmmi10.pfb><c:/texlive/2016/texmf-dist/fonts/type1/pu
blic/amsfonts/cm/cmmi12.pfb><c:/texlive/2016/texmf-dist/fonts/type1/public/amsf
onts/cm/cmmi6.pfb><c:/texlive/2016/texmf-dist/fonts/type1/public/amsfonts/cm/cm
mi8.pfb><c:/texlive/2016/texmf-dist/fonts/type1/public/amsfonts/cm/cmmi9.pfb><c
:/texlive/2016/texmf-dist/fonts/type1/public/amsfonts/cm/cmr10.pfb><c:/texlive/
2016/texmf-dist/fonts/type1/public/amsfonts/cm/cmr6.pfb><c:/texlive/2016/texmf-
dist/fonts/type1/public/amsfonts/cm/cmr8.pfb><c:/texlive/2016/texmf-dist/fonts/
type1/public/amsfonts/cm/cmr9.pfb><c:/texlive/2016/texmf-dist/fonts/type1/publi
c/amsfonts/cm/cmsy10.pfb><c:/texlive/2016/texmf-dist/fonts/type1/public/amsfont
s/cm/cmsy8.pfb><c:/texlive/2016/texmf-dist/fonts/type1/public/amsfonts/cm/cmsy9
.pfb><c:/texlive/2016/texmf-dist/fonts/type1/public/amsfonts/cm/cmti10.pfb><c:/
texlive/2016/texmf-dist/fonts/type1/public/amsfonts/cm/cmti8.pfb>
Output written on mythesis.pdf (138 pages, 13251614 bytes).
PDF statistics:
 2275 PDF objects out of 2487 (max. 8388607)
 1826 compressed objects within 19 object streams
 428 named destinations out of 1000 (max. 500000)
 1007 words of extra memory for PDF output out of 10000 (max. 10000000)

